{"ts_ms":1777382032522,"level":"info","scope":"config","event":"loaded","message":"runtime configuration loaded","fields":{"udp_port":1680,"http_port":8080,"db_path":"/home/vnareiko/Homespace/bumblebee/output/lorawan-host/lorawan-server.db","frontend_path":"/home/vnareiko/Homespace/bumblebee/br2-external/package/lorawan-server-ui/dist","log_dir":"/home/vnareiko/Homespace/bumblebee/br2-external/package/lorawan-server/src/data/logs/lorawan-server","bind_address":"0.0.0.0","log_level":"info","log_cleanup_period_ms":2592000000,"metrics_cleanup_period_ms":2592000000,"admin_auth":"disabled"}}
{"ts_ms":1777382032524,"level":"info","scope":"udp","event":"listener_started","message":"udp listener started","fields":{"bind_address":"0.0.0.0","port":1680}}
{"ts_ms":1777382032524,"level":"info","scope":"http","event":"listener_started","message":"http listener started","fields":{"bind_address":"0.0.0.0","port":8080}}
{"ts_ms":1777382037103,"level":"info","scope":"http","event":"request_started","message":"http request started","fields":{"method":"GET","path":"/","request_id":null}}
{"ts_ms":1777382037103,"level":"info","scope":"http","event":"request_finished","message":"http request finished","fields":{"method":"GET","path":"/","status":200,"request_id":"req-1777382037103492"}}
{"ts_ms":1777382037116,"level":"info","scope":"http","event":"request_started","message":"http request started","fields":{"method":"GET","path":"/admin/assets/admin.min.css","request_id":null}}
{"ts_ms":1777382037118,"level":"info","scope":"http","event":"request_finished","message":"http request finished","fields":{"method":"GET","path":"/admin/assets/admin.min.css","status":200,"request_id":"req-1777382037116283"}}
{"ts_ms":1777382037119,"level":"info","scope":"http","event":"request_started","message":"http request started","fields":{"method":"GET","path":"/admin/assets/vis.min.css","request_id":null}}
{"ts_ms":1777382037119,"level":"info","scope":"http","event":"request_finished","message":"http request finished","fields":{"method":"GET","path":"/admin/assets/vis.min.css","status":200,"request_id":"req-1777382037119560"}}
{"ts_ms":1777382037120,"level":"info","scope":"http","event":"request_started","message":"http request started","fields":{"method":"GET","path":"/assets/index-ClL15ah6.js","request_id":null}}
{"ts_ms":1777382037120,"level":"info","scope":"http","event":"request_finished","message":"http request finished","fields":{"method":"GET","path":"/assets/index-ClL15ah6.js","status":200,"request_id":"req-1777382037120135"}}
{"ts_ms":1777382037182,"level":"info","scope":"http","event":"request_started","message":"http request started","fields":{"method":"GET","path":"/assets/index-NsU-cbso.css","request_id":null}}
{"ts_ms":1777382037183,"level":"info","scope":"http","event":"request_finished","message":"http request finished","fields":{"method":"GET","path":"/assets/index-NsU-cbso.css","status":200,"request_id":"req-1777382037182913"}}
{"ts_ms":1777382037228,"level":"info","scope":"http","event":"request_started","message":"http request started","fields":{"method":"GET","path":"/admin/vis.min.js","request_id":null}}
{"ts_ms":1777382037229,"level":"info","scope":"http","event":"request_finished","message":"http request finished","fields":{"method":"GET","path":"/admin/vis.min.js","status":200,"request_id":"req-1777382037228998"}}
{"ts_ms":1777382037273,"level":"info","scope":"http","event":"request_started","message":"http request started","fields":{"method":"GET","path":"/admin/timeline","request_id":null}}
{"ts_ms":1777382037274,"level":"info","scope":"http","event":"request_finished","message":"http request finished","fields":{"method":"GET","path":"/admin/timeline","status":200,"request_id":"req-1777382037274013"}}
{"ts_ms":1777382037312,"level":"info","scope":"http","event":"request_started","message":"http request started","fields":{"method":"GET","path":"/api/servers","request_id":null}}
{"ts_ms":1777382037312,"level":"info","scope":"http","event":"request_finished","message":"http request finished","fields":{"method":"GET","path":"/api/servers","status":404,"request_id":"req-1777382037312222"}}
{"ts_ms":1777382037327,"level":"info","scope":"http","event":"request_started","message":"http request started","fields":{"method":"GET","path":"/api/events","request_id":null}}
{"ts_ms":1777382037328,"level":"info","scope":"http","event":"request_finished","message":"http request finished","fields":{"method":"GET","path":"/api/events","status":404,"request_id":"req-1777382037328063"}}
{"ts_ms":1777382037773,"level":"info","scope":"http","event":"request_started","message":"http request started","fields":{"method":"GET","path":"/favicon.ico","request_id":null}}
{"ts_ms":1777382037773,"level":"info","scope":"http","event":"request_finished","message":"http request finished","fields":{"method":"GET","path":"/favicon.ico","status":200,"request_id":"req-1777382037773140"}}
{"ts_ms":1777382042310,"level":"info","scope":"http","event":"request_started","message":"http request started","fields":{"method":"GET","path":"/admin/timeline","request_id":null}}
{"ts_ms":1777382042310,"level":"info","scope":"http","event":"request_finished","message":"http request finished","fields":{"method":"GET","path":"/admin/timeline","status":200,"request_id":"req-1777382042310544"}}
{"ts_ms":1777382043496,"level":"info","scope":"http","event":"request_started","message":"http request started","fields":{"method":"GET","path":"/favicon.ico","request_id":null}}
{"ts_ms":1777382043496,"level":"info","scope":"http","event":"request_finished","message":"http request finished","fields":{"method":"GET","path":"/favicon.ico","status":200,"request_id":"req-1777382043496462"}}
{"ts_ms":1777382043501,"level":"info","scope":"http","event":"request_started","message":"http request started","fields":{"method":"GET","path":"/api/servers","request_id":null}}
{"ts_ms":1777382043501,"level":"info","scope":"http","event":"request_finished","message":"http request finished","fields":{"method":"GET","path":"/api/servers","status":404,"request_id":"req-1777382043501350"}}
{"ts_ms":1777382045854,"level":"info","scope":"http","event":"request_started","message":"http request started","fields":{"method":"GET","path":"/api/events","request_id":null}}
{"ts_ms":1777382045855,"level":"info","scope":"http","event":"request_finished","message":"http request finished","fields":{"method":"GET","path":"/api/events","status":404,"request_id":"req-1777382045854911"}}
{"ts_ms":1777382045876,"level":"info","scope":"http","event":"request_started","message":"http request started","fields":{"method":"GET","path":"/favicon.ico","request_id":null}}
{"ts_ms":1777382045877,"level":"info","scope":"http","event":"request_finished","message":"http request finished","fields":{"method":"GET","path":"/favicon.ico","status":200,"request_id":"req-1777382045876876"}}
{"ts_ms":1777382046892,"level":"info","scope":"http","event":"request_started","message":"http request started","fields":{"method":"GET","path":"/api/config/main","request_id":null}}
{"ts_ms":1777382046892,"level":"info","scope":"http","event":"request_finished","message":"http request finished","fields":{"method":"GET","path":"/api/config/main","status":404,"request_id":"req-1777382046892310"}}
{"ts_ms":1777382046910,"level":"info","scope":"http","event":"request_started","message":"http request started","fields":{"method":"GET","path":"/favicon.ico","request_id":null}}
{"ts_ms":1777382046910,"level":"info","scope":"http","event":"request_finished","message":"http request finished","fields":{"method":"GET","path":"/favicon.ico","status":200,"request_id":"req-1777382046910247"}}
{"ts_ms":1777382048833,"level":"info","scope":"http","event":"request_started","message":"http request started","fields":{"method":"GET","path":"/api/servers","request_id":null}}
{"ts_ms":1777382048834,"level":"info","scope":"http","event":"request_finished","message":"http request finished","fields":{"method":"GET","path":"/api/servers","status":404,"request_id":"req-1777382048834044"}}
{"ts_ms":1777382048853,"level":"info","scope":"http","event":"request_started","message":"http request started","fields":{"method":"GET","path":"/favicon.ico","request_id":null}}
{"ts_ms":1777382048853,"level":"info","scope":"http","event":"request_finished","message":"http request finished","fields":{"method":"GET","path":"/favicon.ico","status":200,"request_id":"req-1777382048853241"}}
{"ts_ms":1777382050010,"level":"info","scope":"http","event":"request_started","message":"http request started","fields":{"method":"GET","path":"/api/users","request_id":null}}
{"ts_ms":1777382050011,"level":"info","scope":"http","event":"request_finished","message":"http request finished","fields":{"method":"GET","path":"/api/users","status":404,"request_id":"req-1777382050010835"}}
{"ts_ms":1777382050029,"level":"info","scope":"http","event":"request_started","message":"http request started","fields":{"method":"GET","path":"/favicon.ico","request_id":null}}
{"ts_ms":1777382050029,"level":"info","scope":"http","event":"request_finished","message":"http request finished","fields":{"method":"GET","path":"/favicon.ico","status":200,"request_id":"req-1777382050029114"}}
{"ts_ms":1777382053952,"level":"info","scope":"http","event":"request_started","message":"http request started","fields":{"method":"GET","path":"/api/servers","request_id":null}}
{"ts_ms":1777382053952,"level":"info","scope":"http","event":"request_finished","message":"http request finished","fields":{"method":"GET","path":"/api/servers","status":404,"request_id":"req-1777382053952688"}}
{"ts_ms":1777382053974,"level":"info","scope":"http","event":"request_started","message":"http request started","fields":{"method":"GET","path":"/favicon.ico","request_id":null}}
{"ts_ms":1777382053974,"level":"info","scope":"http","event":"request_finished","message":"http request finished","fields":{"method":"GET","path":"/favicon.ico","status":200,"request_id":"req-1777382053974663"}}
{"ts_ms":1777382055503,"level":"info","scope":"http","event":"request_started","message":"http request started","fields":{"method":"GET","path":"/admin/timeline","request_id":null}}
{"ts_ms":1777382055503,"level":"info","scope":"http","event":"request_finished","message":"http request finished","fields":{"method":"GET","path":"/admin/timeline","status":200,"request_id":"req-1777382055503365"}}
{"ts_ms":1777382055504,"level":"info","scope":"http","event":"request_started","message":"http request started","fields":{"method":"GET","path":"/favicon.ico","request_id":null}}
{"ts_ms":1777382055505,"level":"info","scope":"http","event":"request_finished","message":"http request finished","fields":{"method":"GET","path":"/favicon.ico","status":200,"request_id":"req-1777382055504894"}}
{"ts_ms":1777382055507,"level":"info","scope":"http","event":"request_started","message":"http request started","fields":{"method":"GET","path":"/api/servers","request_id":null}}
{"ts_ms":1777382055507,"level":"info","scope":"http","event":"request_finished","message":"http request finished","fields":{"method":"GET","path":"/api/servers","status":404,"request_id":"req-1777382055507546"}}
{"ts_ms":1777382055534,"level":"info","scope":"http","event":"request_started","message":"http request started","fields":{"method":"GET","path":"/api/events","request_id":null}}
{"ts_ms":1777382055534,"level":"info","scope":"http","event":"request_finished","message":"http request finished","fields":{"method":"GET","path":"/api/events","status":404,"request_id":"req-1777382055534669"}}
{"ts_ms":1777382060507,"level":"info","scope":"http","event":"request_started","message":"http request started","fields":{"method":"GET","path":"/admin/timeline","request_id":null}}
{"ts_ms":1777382060508,"level":"info","scope":"http","event":"request_finished","message":"http request finished","fields":{"method":"GET","path":"/admin/timeline","status":200,"request_id":"req-1777382060507832"}}
{"ts_ms":1777382065335,"level":"info","scope":"http","event":"request_started","message":"http request started","fields":{"method":"GET","path":"/admin/assets/admin.min.css","request_id":null}}
{"ts_ms":1777382065336,"level":"info","scope":"http","event":"request_finished","message":"http request finished","fields":{"method":"GET","path":"/admin/assets/admin.min.css","status":200,"request_id":"req-1777382065335733"}}
{"ts_ms":1777382065337,"level":"info","scope":"http","event":"request_started","message":"http request started","fields":{"method":"GET","path":"/admin/assets/vis.min.css","request_id":null}}
{"ts_ms":1777382065337,"level":"info","scope":"http","event":"request_finished","message":"http request finished","fields":{"method":"GET","path":"/admin/assets/vis.min.css","status":200,"request_id":"req-1777382065337704"}}
{"ts_ms":1777382065338,"level":"info","scope":"http","event":"request_started","message":"http request started","fields":{"method":"GET","path":"/assets/index-NsU-cbso.css","request_id":null}}
{"ts_ms":1777382065338,"level":"info","scope":"http","event":"request_finished","message":"http request finished","fields":{"method":"GET","path":"/assets/index-NsU-cbso.css","status":200,"request_id":"req-1777382065338194"}}
{"ts_ms":1777382065346,"level":"info","scope":"http","event":"request_started","message":"http request started","fields":{"method":"GET","path":"/.well-known/appspecific/com.chrome.devtools.json","request_id":null}}
{"ts_ms":1777382065347,"level":"info","scope":"http","event":"request_finished","message":"http request finished","fields":{"method":"GET","path":"/.well-known/appspecific/com.chrome.devtools.json","status":200,"request_id":"req-1777382065347088"}}
{"ts_ms":1777382065396,"level":"info","scope":"http","event":"request_started","message":"http request started","fields":{"method":"GET","path":"/admin/vis.map","request_id":null}}
{"ts_ms":1777382065397,"level":"info","scope":"http","event":"request_finished","message":"http request finished","fields":{"method":"GET","path":"/admin/vis.map","status":200,"request_id":"req-1777382065396961"}}
{"ts_ms":1777382065419,"level":"info","scope":"http","event":"request_started","message":"http request started","fields":{"method":"GET","path":"/admin/assets/ng-admin.min.css.map","request_id":null}}
{"ts_ms":1777382065420,"level":"info","scope":"http","event":"request_finished","message":"http request finished","fields":{"method":"GET","path":"/admin/assets/ng-admin.min.css.map","status":200,"request_id":"req-1777382065419939"}}
{"ts_ms":1777382065507,"level":"info","scope":"http","event":"request_started","message":"http request started","fields":{"method":"GET","path":"/admin/timeline","request_id":null}}
{"ts_ms":1777382065508,"level":"info","scope":"http","event":"request_finished","message":"http request finished","fields":{"method":"GET","path":"/admin/timeline","status":200,"request_id":"req-1777382065508004"}}
{"ts_ms":1777382070508,"level":"info","scope":"http","event":"request_started","message":"http request started","fields":{"method":"GET","path":"/admin/timeline","request_id":null}}
{"ts_ms":1777382070508,"level":"info","scope":"http","event":"request_finished","message":"http request finished","fields":{"method":"GET","path":"/admin/timeline","status":200,"request_id":"req-1777382070508184"}}
{"ts_ms":1777382075507,"level":"info","scope":"http","event":"request_started","message":"http request started","fields":{"method":"GET","path":"/admin/timeline","request_id":null}}
{"ts_ms":1777382075508,"level":"info","scope":"http","event":"request_finished","message":"http request finished","fields":{"method":"GET","path":"/admin/timeline","status":200,"request_id":"req-1777382075507806"}}
{"ts_ms":1777382080507,"level":"info","scope":"http","event":"request_started","message":"http request started","fields":{"method":"GET","path":"/admin/timeline","request_id":null}}
{"ts_ms":1777382080507,"level":"info","scope":"http","event":"request_finished","message":"http request finished","fields":{"method":"GET","path":"/admin/timeline","status":200,"request_id":"req-1777382080507777"}}
{"ts_ms":1777382085508,"level":"info","scope":"http","event":"request_started","message":"http request started","fields":{"method":"GET","path":"/admin/timeline","request_id":null}}
{"ts_ms":1777382085508,"level":"info","scope":"http","event":"request_finished","message":"http request finished","fields":{"method":"GET","path":"/admin/timeline","status":200,"request_id":"req-1777382085508279"}}
{"ts_ms":1777382090507,"level":"info","scope":"http","event":"request_started","message":"http request started","fields":{"method":"GET","path":"/admin/timeline","request_id":null}}
{"ts_ms":1777382090508,"level":"info","scope":"http","event":"request_finished","message":"http request finished","fields":{"method":"GET","path":"/admin/timeline","status":200,"request_id":"req-1777382090507914"}}
{"ts_ms":1777382095509,"level":"info","scope":"http","event":"request_started","message":"http request started","fields":{"method":"GET","path":"/admin/timeline","request_id":null}}
{"ts_ms":1777382095509,"level":"info","scope":"http","event":"request_finished","message":"http request finished","fields":{"method":"GET","path":"/admin/timeline","status":200,"request_id":"req-1777382095509356"}}
{"ts_ms":1777382100507,"level":"info","scope":"http","event":"request_started","message":"http request started","fields":{"method":"GET","path":"/admin/timeline","request_id":null}}
{"ts_ms":1777382100508,"level":"info","scope":"http","event":"request_finished","message":"http request finished","fields":{"method":"GET","path":"/admin/timeline","status":200,"request_id":"req-1777382100508090"}}
{"ts_ms":1777382105507,"level":"info","scope":"http","event":"request_started","message":"http request started","fields":{"method":"GET","path":"/admin/timeline","request_id":null}}
{"ts_ms":1777382105508,"level":"info","scope":"http","event":"request_finished","message":"http request finished","fields":{"method":"GET","path":"/admin/timeline","status":200,"request_id":"req-1777382105507930"}}
{"ts_ms":1777382110507,"level":"info","scope":"http","event":"request_started","message":"http request started","fields":{"method":"GET","path":"/admin/timeline","request_id":null}}
{"ts_ms":1777382110508,"level":"info","scope":"http","event":"request_finished","message":"http request finished","fields":{"method":"GET","path":"/admin/timeline","status":200,"request_id":"req-1777382110508092"}}
{"ts_ms":1777382115509,"level":"info","scope":"http","event":"request_started","message":"http request started","fields":{"method":"GET","path":"/admin/timeline","request_id":null}}
{"ts_ms":1777382115509,"level":"info","scope":"http","event":"request_finished","message":"http request finished","fields":{"method":"GET","path":"/admin/timeline","status":200,"request_id":"req-1777382115509609"}}
{"ts_ms":1777382120507,"level":"info","scope":"http","event":"request_started","message":"http request started","fields":{"method":"GET","path":"/admin/timeline","request_id":null}}
{"ts_ms":1777382120508,"level":"info","scope":"http","event":"request_finished","message":"http request finished","fields":{"method":"GET","path":"/admin/timeline","status":200,"request_id":"req-1777382120508013"}}
{"ts_ms":1777382125508,"level":"info","scope":"http","event":"request_started","message":"http request started","fields":{"method":"GET","path":"/admin/timeline","request_id":null}}
{"ts_ms":1777382125508,"level":"info","scope":"http","event":"request_finished","message":"http request finished","fields":{"method":"GET","path":"/admin/timeline","status":200,"request_id":"req-1777382125508144"}}
{"ts_ms":1777382130507,"level":"info","scope":"http","event":"request_started","message":"http request started","fields":{"method":"GET","path":"/admin/timeline","request_id":null}}
{"ts_ms":1777382130508,"level":"info","scope":"http","event":"request_finished","message":"http request finished","fields":{"method":"GET","path":"/admin/timeline","status":200,"request_id":"req-1777382130508054"}}
{"ts_ms":1777382135507,"level":"info","scope":"http","event":"request_started","message":"http request started","fields":{"method":"GET","path":"/admin/timeline","request_id":null}}
{"ts_ms":1777382135508,"level":"info","scope":"http","event":"request_finished","message":"http request finished","fields":{"method":"GET","path":"/admin/timeline","status":200,"request_id":"req-1777382135507908"}}
{"ts_ms":1777382140508,"level":"info","scope":"http","event":"request_started","message":"http request started","fields":{"method":"GET","path":"/admin/timeline","request_id":null}}
{"ts_ms":1777382140508,"level":"info","scope":"http","event":"request_finished","message":"http request finished","fields":{"method":"GET","path":"/admin/timeline","status":200,"request_id":"req-1777382140508251"}}
{"ts_ms":1777382145507,"level":"info","scope":"http","event":"request_started","message":"http request started","fields":{"method":"GET","path":"/admin/timeline","request_id":null}}
{"ts_ms":1777382145507,"level":"info","scope":"http","event":"request_finished","message":"http request finished","fields":{"method":"GET","path":"/admin/timeline","status":200,"request_id":"req-1777382145507784"}}
{"ts_ms":1777382150507,"level":"info","scope":"http","event":"request_started","message":"http request started","fields":{"method":"GET","path":"/admin/timeline","request_id":null}}
{"ts_ms":1777382150508,"level":"info","scope":"http","event":"request_finished","message":"http request finished","fields":{"method":"GET","path":"/admin/timeline","status":200,"request_id":"req-1777382150507860"}}
{"ts_ms":1777382155508,"level":"info","scope":"http","event":"request_started","message":"http request started","fields":{"method":"GET","path":"/admin/timeline","request_id":null}}
{"ts_ms":1777382155508,"level":"info","scope":"http","event":"request_finished","message":"http request finished","fields":{"method":"GET","path":"/admin/timeline","status":200,"request_id":"req-1777382155508212"}}
{"ts_ms":1777382160508,"level":"info","scope":"http","event":"request_started","message":"http request started","fields":{"method":"GET","path":"/admin/timeline","request_id":null}}
{"ts_ms":1777382160508,"level":"info","scope":"http","event":"request_finished","message":"http request finished","fields":{"method":"GET","path":"/admin/timeline","status":200,"request_id":"req-1777382160508141"}}
{"ts_ms":1777382165507,"level":"info","scope":"http","event":"request_started","message":"http request started","fields":{"method":"GET","path":"/admin/timeline","request_id":null}}
{"ts_ms":1777382165508,"level":"info","scope":"http","event":"request_finished","message":"http request finished","fields":{"method":"GET","path":"/admin/timeline","status":200,"request_id":"req-1777382165507962"}}
{"ts_ms":1777382170508,"level":"info","scope":"http","event":"request_started","message":"http request started","fields":{"method":"GET","path":"/admin/timeline","request_id":null}}
{"ts_ms":1777382170508,"level":"info","scope":"http","event":"request_finished","message":"http request finished","fields":{"method":"GET","path":"/admin/timeline","status":200,"request_id":"req-1777382170508280"}}
{"ts_ms":1777382175507,"level":"info","scope":"http","event":"request_started","message":"http request started","fields":{"method":"GET","path":"/admin/timeline","request_id":null}}
{"ts_ms":1777382175508,"level":"info","scope":"http","event":"request_finished","message":"http request finished","fields":{"method":"GET","path":"/admin/timeline","status":200,"request_id":"req-1777382175507926"}}
{"ts_ms":1777382180509,"level":"info","scope":"http","event":"request_started","message":"http request started","fields":{"method":"GET","path":"/admin/timeline","request_id":null}}
{"ts_ms":1777382180509,"level":"info","scope":"http","event":"request_finished","message":"http request finished","fields":{"method":"GET","path":"/admin/timeline","status":200,"request_id":"req-1777382180509566"}}
{"ts_ms":1777382185507,"level":"info","scope":"http","event":"request_started","message":"http request started","fields":{"method":"GET","path":"/admin/timeline","request_id":null}}
{"ts_ms":1777382185508,"level":"info","scope":"http","event":"request_finished","message":"http request finished","fields":{"method":"GET","path":"/admin/timeline","status":200,"request_id":"req-1777382185507860"}}
{"ts_ms":1777382186494,"level":"info","scope":"http","event":"request_started","message":"http request started","fields":{"method":"GET","path":"/api/areas","request_id":null}}
{"ts_ms":1777382186494,"level":"info","scope":"http","event":"request_finished","message":"http request finished","fields":{"method":"GET","path":"/api/areas","status":404,"request_id":"req-1777382186494254"}}
{"ts_ms":1777382186512,"level":"info","scope":"http","event":"request_started","message":"http request started","fields":{"method":"GET","path":"/favicon.ico","request_id":null}}
{"ts_ms":1777382186513,"level":"info","scope":"http","event":"request_finished","message":"http request finished","fields":{"method":"GET","path":"/favicon.ico","status":200,"request_id":"req-1777382186512260"}}
{"ts_ms":1777382188466,"level":"info","scope":"http","event":"request_started","message":"http request started","fields":{"method":"GET","path":"/api/gateways","request_id":null}}
{"ts_ms":1777382188467,"level":"info","scope":"http","event":"request_finished","message":"http request finished","fields":{"method":"GET","path":"/api/gateways","status":200,"request_id":"req-1777382188466659"}}
{"ts_ms":1777382188471,"level":"info","scope":"http","event":"request_started","message":"http request started","fields":{"method":"GET","path":"/favicon.ico","request_id":null}}
{"ts_ms":1777382188471,"level":"info","scope":"http","event":"request_finished","message":"http request finished","fields":{"method":"GET","path":"/favicon.ico","status":200,"request_id":"req-1777382188471508"}}
{"ts_ms":1777382189891,"level":"info","scope":"http","event":"request_started","message":"http request started","fields":{"method":"GET","path":"/api/networks","request_id":null}}
{"ts_ms":1777382189892,"level":"info","scope":"http","event":"request_finished","message":"http request finished","fields":{"method":"GET","path":"/api/networks","status":200,"request_id":"req-1777382189891504"}}
{"ts_ms":1777382189896,"level":"info","scope":"http","event":"request_started","message":"http request started","fields":{"method":"GET","path":"/favicon.ico","request_id":null}}
{"ts_ms":1777382189897,"level":"info","scope":"http","event":"request_finished","message":"http request finished","fields":{"method":"GET","path":"/favicon.ico","status":200,"request_id":"req-1777382189897296"}}
{"ts_ms":1777382190328,"level":"info","scope":"http","event":"request_started","message":"http request started","fields":{"method":"GET","path":"/api/multicast_channels","request_id":null}}
{"ts_ms":1777382190328,"level":"info","scope":"http","event":"request_finished","message":"http request finished","fields":{"method":"GET","path":"/api/multicast_channels","status":404,"request_id":"req-1777382190328323"}}
{"ts_ms":1777382190346,"level":"info","scope":"http","event":"request_started","message":"http request started","fields":{"method":"GET","path":"/favicon.ico","request_id":null}}
{"ts_ms":1777382190346,"level":"info","scope":"http","event":"request_finished","message":"http request finished","fields":{"method":"GET","path":"/favicon.ico","status":200,"request_id":"req-1777382190346513"}}
{"ts_ms":1777382191122,"level":"info","scope":"http","event":"request_started","message":"http request started","fields":{"method":"GET","path":"/api/gateways","request_id":null}}
{"ts_ms":1777382191122,"level":"info","scope":"http","event":"request_finished","message":"http request finished","fields":{"method":"GET","path":"/api/gateways","status":200,"request_id":"req-1777382191122348"}}
{"ts_ms":1777382191128,"level":"info","scope":"http","event":"request_started","message":"http request started","fields":{"method":"GET","path":"/favicon.ico","request_id":null}}
{"ts_ms":1777382191128,"level":"info","scope":"http","event":"request_finished","message":"http request finished","fields":{"method":"GET","path":"/favicon.ico","status":200,"request_id":"req-1777382191128199"}}
{"ts_ms":1777382191855,"level":"info","scope":"http","event":"request_started","message":"http request started","fields":{"method":"GET","path":"/api/areas","request_id":null}}
{"ts_ms":1777382191855,"level":"info","scope":"http","event":"request_finished","message":"http request finished","fields":{"method":"GET","path":"/api/areas","status":404,"request_id":"req-1777382191855353"}}
{"ts_ms":1777382191872,"level":"info","scope":"http","event":"request_started","message":"http request started","fields":{"method":"GET","path":"/favicon.ico","request_id":null}}
{"ts_ms":1777382191872,"level":"info","scope":"http","event":"request_finished","message":"http request finished","fields":{"method":"GET","path":"/favicon.ico","status":200,"request_id":"req-1777382191872445"}}
{"ts_ms":1777382194962,"level":"info","scope":"http","event":"request_started","message":"http request started","fields":{"method":"GET","path":"/favicon.ico","request_id":null}}
{"ts_ms":1777382194962,"level":"info","scope":"http","event":"request_finished","message":"http request finished","fields":{"method":"GET","path":"/favicon.ico","status":200,"request_id":"req-1777382194962361"}}
{"ts_ms":1777382197769,"level":"info","scope":"http","event":"request_started","message":"http request started","fields":{"method":"GET","path":"/api/users","request_id":null}}
{"ts_ms":1777382197769,"level":"info","scope":"http","event":"request_finished","message":"http request finished","fields":{"method":"GET","path":"/api/users","status":404,"request_id":"req-1777382197769513"}}
{"ts_ms":1777382197786,"level":"info","scope":"http","event":"request_started","message":"http request started","fields":{"method":"GET","path":"/favicon.ico","request_id":null}}
{"ts_ms":1777382197787,"level":"info","scope":"http","event":"request_finished","message":"http request finished","fields":{"method":"GET","path":"/favicon.ico","status":200,"request_id":"req-1777382197787008"}}
{"ts_ms":1777382198686,"level":"info","scope":"http","event":"request_started","message":"http request started","fields":{"method":"GET","path":"/admin/timeline","request_id":null}}
{"ts_ms":1777382198686,"level":"info","scope":"http","event":"request_finished","message":"http request finished","fields":{"method":"GET","path":"/admin/timeline","status":200,"request_id":"req-1777382198686731"}}
{"ts_ms":1777382198689,"level":"info","scope":"http","event":"request_started","message":"http request started","fields":{"method":"GET","path":"/favicon.ico","request_id":null}}
{"ts_ms":1777382198689,"level":"info","scope":"http","event":"request_finished","message":"http request finished","fields":{"method":"GET","path":"/favicon.ico","status":200,"request_id":"req-1777382198689471"}}
{"ts_ms":1777382198694,"level":"info","scope":"http","event":"request_started","message":"http request started","fields":{"method":"GET","path":"/api/servers","request_id":null}}
{"ts_ms":1777382198694,"level":"info","scope":"http","event":"request_finished","message":"http request finished","fields":{"method":"GET","path":"/api/servers","status":404,"request_id":"req-1777382198694473"}}
{"ts_ms":1777382198715,"level":"info","scope":"http","event":"request_started","message":"http request started","fields":{"method":"GET","path":"/api/events","request_id":null}}
{"ts_ms":1777382198716,"level":"info","scope":"http","event":"request_finished","message":"http request finished","fields":{"method":"GET","path":"/api/events","status":404,"request_id":"req-1777382198715947"}}
{"ts_ms":1777382203692,"level":"info","scope":"http","event":"request_started","message":"http request started","fields":{"method":"GET","path":"/admin/timeline","request_id":null}}
{"ts_ms":1777382203692,"level":"info","scope":"http","event":"request_finished","message":"http request finished","fields":{"method":"GET","path":"/admin/timeline","status":200,"request_id":"req-1777382203692323"}}
{"ts_ms":1777382206547,"level":"info","scope":"http","event":"request_started","message":"http request started","fields":{"method":"GET","path":"/api/areas","request_id":null}}
{"ts_ms":1777382206547,"level":"info","scope":"http","event":"request_finished","message":"http request finished","fields":{"method":"GET","path":"/api/areas","status":404,"request_id":"req-1777382206547794"}}
{"ts_ms":1777382206667,"level":"info","scope":"http","event":"request_started","message":"http request started","fields":{"method":"GET","path":"/favicon.ico","request_id":null}}
{"ts_ms":1777382206667,"level":"info","scope":"http","event":"request_finished","message":"http request finished","fields":{"method":"GET","path":"/favicon.ico","status":200,"request_id":"req-1777382206667439"}}
{"ts_ms":1777382209173,"level":"info","scope":"http","event":"request_started","message":"http request started","fields":{"method":"GET","path":"/admin/timeline","request_id":null}}
{"ts_ms":1777382209173,"level":"info","scope":"http","event":"request_finished","message":"http request finished","fields":{"method":"GET","path":"/admin/timeline","status":200,"request_id":"req-1777382209173401"}}
{"ts_ms":1777382213693,"level":"info","scope":"http","event":"request_started","message":"http request started","fields":{"method":"GET","path":"/admin/timeline","request_id":null}}
{"ts_ms":1777382213694,"level":"info","scope":"http","event":"request_finished","message":"http request finished","fields":{"method":"GET","path":"/admin/timeline","status":200,"request_id":"req-1777382213694015"}}
{"ts_ms":1777382218692,"level":"info","scope":"http","event":"request_started","message":"http request started","fields":{"method":"GET","path":"/admin/timeline","request_id":null}}
{"ts_ms":1777382218692,"level":"info","scope":"http","event":"request_finished","message":"http request finished","fields":{"method":"GET","path":"/admin/timeline","status":200,"request_id":"req-1777382218692737"}}
{"ts_ms":1777382220041,"level":"info","scope":"http","event":"request_started","message":"http request started","fields":{"method":"GET","path":"/api/areas","request_id":null}}
{"ts_ms":1777382220041,"level":"info","scope":"http","event":"request_finished","message":"http request finished","fields":{"method":"GET","path":"/api/areas","status":404,"request_id":"req-1777382220041663"}}
{"ts_ms":1777382220168,"level":"info","scope":"http","event":"request_started","message":"http request started","fields":{"method":"GET","path":"/favicon.ico","request_id":null}}
{"ts_ms":1777382220169,"level":"info","scope":"http","event":"request_finished","message":"http request finished","fields":{"method":"GET","path":"/favicon.ico","status":200,"request_id":"req-1777382220169018"}}
{"ts_ms":1777382222827,"level":"info","scope":"http","event":"request_started","message":"http request started","fields":{"method":"GET","path":"/.well-known/appspecific/com.chrome.devtools.json","request_id":null}}
{"ts_ms":1777382222827,"level":"info","scope":"http","event":"request_finished","message":"http request finished","fields":{"method":"GET","path":"/.well-known/appspecific/com.chrome.devtools.json","status":200,"request_id":"req-1777382222827693"}}
{"ts_ms":1777382224173,"level":"info","scope":"http","event":"request_started","message":"http request started","fields":{"method":"GET","path":"/admin/timeline","request_id":null}}
{"ts_ms":1777382224174,"level":"info","scope":"http","event":"request_finished","message":"http request finished","fields":{"method":"GET","path":"/admin/timeline","status":200,"request_id":"req-1777382224173796"}}
{"ts_ms":1777382229188,"level":"info","scope":"http","event":"request_started","message":"http request started","fields":{"method":"GET","path":"/admin/timeline","request_id":null}}
{"ts_ms":1777382229188,"level":"info","scope":"http","event":"request_finished","message":"http request finished","fields":{"method":"GET","path":"/admin/timeline","status":200,"request_id":"req-1777382229188388"}}
{"ts_ms":1777382234173,"level":"info","scope":"http","event":"request_started","message":"http request started","fields":{"method":"GET","path":"/admin/timeline","request_id":null}}
{"ts_ms":1777382234173,"level":"info","scope":"http","event":"request_finished","message":"http request finished","fields":{"method":"GET","path":"/admin/timeline","status":200,"request_id":"req-1777382234173450"}}
{"ts_ms":1777382239173,"level":"info","scope":"http","event":"request_started","message":"http request started","fields":{"method":"GET","path":"/admin/timeline","request_id":null}}
{"ts_ms":1777382239173,"level":"info","scope":"http","event":"request_finished","message":"http request finished","fields":{"method":"GET","path":"/admin/timeline","status":200,"request_id":"req-1777382239173635"}}
{"ts_ms":1777382244173,"level":"info","scope":"http","event":"request_started","message":"http request started","fields":{"method":"GET","path":"/admin/timeline","request_id":null}}
{"ts_ms":1777382244173,"level":"info","scope":"http","event":"request_finished","message":"http request finished","fields":{"method":"GET","path":"/admin/timeline","status":200,"request_id":"req-1777382244173496"}}
{"ts_ms":1777382249173,"level":"info","scope":"http","event":"request_started","message":"http request started","fields":{"method":"GET","path":"/admin/timeline","request_id":null}}
{"ts_ms":1777382249173,"level":"info","scope":"http","event":"request_finished","message":"http request finished","fields":{"method":"GET","path":"/admin/timeline","status":200,"request_id":"req-1777382249173437"}}
{"ts_ms":1777382254173,"level":"info","scope":"http","event":"request_started","message":"http request started","fields":{"method":"GET","path":"/admin/timeline","request_id":null}}
{"ts_ms":1777382254173,"level":"info","scope":"http","event":"request_finished","message":"http request finished","fields":{"method":"GET","path":"/admin/timeline","status":200,"request_id":"req-1777382254173479"}}
{"ts_ms":1777382259173,"level":"info","scope":"http","event":"request_started","message":"http request started","fields":{"method":"GET","path":"/admin/timeline","request_id":null}}
{"ts_ms":1777382259173,"level":"info","scope":"http","event":"request_finished","message":"http request finished","fields":{"method":"GET","path":"/admin/timeline","status":200,"request_id":"req-1777382259173702"}}
{"ts_ms":1777382264174,"level":"info","scope":"http","event":"request_started","message":"http request started","fields":{"method":"GET","path":"/admin/timeline","request_id":null}}
{"ts_ms":1777382264175,"level":"info","scope":"http","event":"request_finished","message":"http request finished","fields":{"method":"GET","path":"/admin/timeline","status":200,"request_id":"req-1777382264174896"}}
{"ts_ms":1777382269173,"level":"info","scope":"http","event":"request_started","message":"http request started","fields":{"method":"GET","path":"/admin/timeline","request_id":null}}
{"ts_ms":1777382269174,"level":"info","scope":"http","event":"request_finished","message":"http request finished","fields":{"method":"GET","path":"/admin/timeline","status":200,"request_id":"req-1777382269174022"}}
{"ts_ms":1777382274173,"level":"info","scope":"http","event":"request_started","message":"http request started","fields":{"method":"GET","path":"/admin/timeline","request_id":null}}
{"ts_ms":1777382274173,"level":"info","scope":"http","event":"request_finished","message":"http request finished","fields":{"method":"GET","path":"/admin/timeline","status":200,"request_id":"req-1777382274173564"}}
{"ts_ms":1777382279173,"level":"info","scope":"http","event":"request_started","message":"http request started","fields":{"method":"GET","path":"/admin/timeline","request_id":null}}
{"ts_ms":1777382279173,"level":"info","scope":"http","event":"request_finished","message":"http request finished","fields":{"method":"GET","path":"/admin/timeline","status":200,"request_id":"req-1777382279173550"}}
{"ts_ms":1777382284173,"level":"info","scope":"http","event":"request_started","message":"http request started","fields":{"method":"GET","path":"/admin/timeline","request_id":null}}
{"ts_ms":1777382284174,"level":"info","scope":"http","event":"request_finished","message":"http request finished","fields":{"method":"GET","path":"/admin/timeline","status":200,"request_id":"req-1777382284173677"}}
{"ts_ms":1777382289173,"level":"info","scope":"http","event":"request_started","message":"http request started","fields":{"method":"GET","path":"/admin/timeline","request_id":null}}
{"ts_ms":1777382289173,"level":"info","scope":"http","event":"request_finished","message":"http request finished","fields":{"method":"GET","path":"/admin/timeline","status":200,"request_id":"req-1777382289173659"}}
{"ts_ms":1777382294173,"level":"info","scope":"http","event":"request_started","message":"http request started","fields":{"method":"GET","path":"/admin/timeline","request_id":null}}
{"ts_ms":1777382294174,"level":"info","scope":"http","event":"request_finished","message":"http request finished","fields":{"method":"GET","path":"/admin/timeline","status":200,"request_id":"req-1777382294173998"}}
{"ts_ms":1777382299173,"level":"info","scope":"http","event":"request_started","message":"http request started","fields":{"method":"GET","path":"/admin/timeline","request_id":null}}
{"ts_ms":1777382299174,"level":"info","scope":"http","event":"request_finished","message":"http request finished","fields":{"method":"GET","path":"/admin/timeline","status":200,"request_id":"req-1777382299173749"}}
{"ts_ms":1777382304173,"level":"info","scope":"http","event":"request_started","message":"http request started","fields":{"method":"GET","path":"/admin/timeline","request_id":null}}
{"ts_ms":1777382304173,"level":"info","scope":"http","event":"request_finished","message":"http request finished","fields":{"method":"GET","path":"/admin/timeline","status":200,"request_id":"req-1777382304173617"}}
{"ts_ms":1777382309173,"level":"info","scope":"http","event":"request_started","message":"http request started","fields":{"method":"GET","path":"/admin/timeline","request_id":null}}
{"ts_ms":1777382309174,"level":"info","scope":"http","event":"request_finished","message":"http request finished","fields":{"method":"GET","path":"/admin/timeline","status":200,"request_id":"req-1777382309173955"}}
{"ts_ms":1777382314173,"level":"info","scope":"http","event":"request_started","message":"http request started","fields":{"method":"GET","path":"/admin/timeline","request_id":null}}
{"ts_ms":1777382314174,"level":"info","scope":"http","event":"request_finished","message":"http request finished","fields":{"method":"GET","path":"/admin/timeline","status":200,"request_id":"req-1777382314173748"}}
{"ts_ms":1777382363181,"level":"info","scope":"http","event":"request_started","message":"http request started","fields":{"method":"GET","path":"/admin/timeline","request_id":null}}
{"ts_ms":1777382363181,"level":"info","scope":"http","event":"request_finished","message":"http request finished","fields":{"method":"GET","path":"/admin/timeline","status":200,"request_id":"req-1777382363181159"}}
{"ts_ms":1777382423178,"level":"info","scope":"http","event":"request_started","message":"http request started","fields":{"method":"GET","path":"/admin/timeline","request_id":null}}
{"ts_ms":1777382423179,"level":"info","scope":"http","event":"request_finished","message":"http request finished","fields":{"method":"GET","path":"/admin/timeline","status":200,"request_id":"req-1777382423178964"}}
{"ts_ms":1777382483182,"level":"info","scope":"http","event":"request_started","message":"http request started","fields":{"method":"GET","path":"/admin/timeline","request_id":null}}
{"ts_ms":1777382483183,"level":"info","scope":"http","event":"request_finished","message":"http request finished","fields":{"method":"GET","path":"/admin/timeline","status":200,"request_id":"req-1777382483183265"}}
{"ts_ms":1777382532460,"level":"info","scope":"config","event":"loaded","message":"runtime configuration loaded","fields":{"udp_port":1680,"http_port":8080,"db_path":"/home/vnareiko/Homespace/bumblebee/output/lorawan-host/lorawan-server.db","frontend_path":"/home/vnareiko/Homespace/bumblebee/br2-external/package/lorawan-server-ui/dist","log_dir":"/home/vnareiko/Homespace/bumblebee/br2-external/package/lorawan-server/src/data/logs/lorawan-server","bind_address":"0.0.0.0","log_level":"info","log_cleanup_period_ms":2592000000,"metrics_cleanup_period_ms":2592000000,"admin_auth":"disabled"}}
{"ts_ms":1777382532461,"level":"info","scope":"udp","event":"listener_started","message":"udp listener started","fields":{"bind_address":"0.0.0.0","port":1680}}
{"ts_ms":1777382532462,"level":"info","scope":"http","event":"listener_started","message":"http listener started","fields":{"bind_address":"0.0.0.0","port":8080}}
{"ts_ms":1777382543179,"level":"info","scope":"http","event":"request_started","message":"http request started","fields":{"method":"GET","path":"/admin/timeline","request_id":null}}
{"ts_ms":1777382543180,"level":"info","scope":"http","event":"request_finished","message":"http request finished","fields":{"method":"GET","path":"/admin/timeline","status":200,"request_id":"req-1777382543179674"}}
{"ts_ms":1777382553034,"level":"info","scope":"config","event":"loaded","message":"runtime configuration loaded","fields":{"udp_port":1680,"http_port":8080,"db_path":"/home/vnareiko/Homespace/bumblebee/output/lorawan-host/lorawan-server.db","frontend_path":"/home/vnareiko/Homespace/bumblebee/br2-external/package/lorawan-server-ui/dist","log_dir":"/home/vnareiko/Homespace/bumblebee/br2-external/package/lorawan-server/src/data/logs/lorawan-server","bind_address":"0.0.0.0","log_level":"info","log_cleanup_period_ms":2592000000,"metrics_cleanup_period_ms":2592000000,"admin_auth":"disabled"}}
{"ts_ms":1777382553036,"level":"info","scope":"udp","event":"listener_started","message":"udp listener started","fields":{"bind_address":"0.0.0.0","port":1680}}
{"ts_ms":1777382553036,"level":"info","scope":"http","event":"listener_started","message":"http listener started","fields":{"bind_address":"0.0.0.0","port":8080}}
{"ts_ms":1777382610936,"level":"info","scope":"http","event":"request_started","message":"http request started","fields":{"method":"GET","path":"/admin/assets/admin.min.css","request_id":null}}
{"ts_ms":1777382610939,"level":"info","scope":"http","event":"request_finished","message":"http request finished","fields":{"method":"GET","path":"/admin/assets/admin.min.css","status":200,"request_id":"req-1777382610936343"}}
{"ts_ms":1777382610945,"level":"info","scope":"http","event":"request_started","message":"http request started","fields":{"method":"GET","path":"/admin/assets/vis.min.css","request_id":null}}
{"ts_ms":1777382610946,"level":"info","scope":"http","event":"request_finished","message":"http request finished","fields":{"method":"GET","path":"/admin/assets/vis.min.css","status":200,"request_id":"req-1777382610945847"}}
{"ts_ms":1777382611148,"level":"info","scope":"http","event":"request_started","message":"http request started","fields":{"method":"GET","path":"/admin/vis.min.js","request_id":null}}
{"ts_ms":1777382611150,"level":"info","scope":"http","event":"request_finished","message":"http request finished","fields":{"method":"GET","path":"/admin/vis.min.js","status":200,"request_id":"req-1777382611148872"}}
{"ts_ms":1777382611224,"level":"info","scope":"http","event":"request_started","message":"http request started","fields":{"method":"GET","path":"/admin/timeline","request_id":null}}
{"ts_ms":1777382611225,"level":"info","scope":"http","event":"request_finished","message":"http request finished","fields":{"method":"GET","path":"/admin/timeline","status":200,"request_id":"req-1777382611225036"}}
{"ts_ms":1777382611242,"level":"info","scope":"http","event":"request_started","message":"http request started","fields":{"method":"GET","path":"/api/servers","request_id":null}}
{"ts_ms":1777382611242,"level":"info","scope":"http","event":"request_finished","message":"http request finished","fields":{"method":"GET","path":"/api/servers","status":200,"request_id":"req-1777382611242152"}}
{"ts_ms":1777382611252,"level":"info","scope":"http","event":"request_started","message":"http request started","fields":{"method":"GET","path":"/api/events","request_id":null}}
{"ts_ms":1777382611255,"level":"info","scope":"http","event":"request_finished","message":"http request finished","fields":{"method":"GET","path":"/api/events","status":200,"request_id":"req-1777382611252409"}}
{"ts_ms":1777382616240,"level":"info","scope":"http","event":"request_started","message":"http request started","fields":{"method":"GET","path":"/admin/timeline","request_id":null}}
{"ts_ms":1777382616241,"level":"info","scope":"http","event":"request_finished","message":"http request finished","fields":{"method":"GET","path":"/admin/timeline","status":200,"request_id":"req-1777382616240919"}}
{"ts_ms":1777382621241,"level":"info","scope":"http","event":"request_started","message":"http request started","fields":{"method":"GET","path":"/admin/timeline","request_id":null}}
{"ts_ms":1777382621241,"level":"info","scope":"http","event":"request_finished","message":"http request finished","fields":{"method":"GET","path":"/admin/timeline","status":200,"request_id":"req-1777382621241140"}}
{"ts_ms":1777382626248,"level":"info","scope":"http","event":"request_started","message":"http request started","fields":{"method":"GET","path":"/admin/timeline","request_id":null}}
{"ts_ms":1777382626248,"level":"info","scope":"http","event":"request_finished","message":"http request finished","fields":{"method":"GET","path":"/admin/timeline","status":200,"request_id":"req-1777382626248141"}}
{"ts_ms":1777382629237,"level":"info","scope":"http","event":"request_started","message":"http request started","fields":{"method":"GET","path":"/api/servers","request_id":null}}
{"ts_ms":1777382629238,"level":"info","scope":"http","event":"request_finished","message":"http request finished","fields":{"method":"GET","path":"/api/servers","status":200,"request_id":"req-1777382629237387"}}
{"ts_ms":1777382637170,"level":"info","scope":"http","event":"request_started","message":"http request started","fields":{"method":"GET","path":"/api/servers/local","request_id":null}}
{"ts_ms":1777382637171,"level":"info","scope":"http","event":"request_finished","message":"http request finished","fields":{"method":"GET","path":"/api/servers/local","status":200,"request_id":"req-1777382637170877"}}
{"ts_ms":1777382653376,"level":"info","scope":"http","event":"request_started","message":"http request started","fields":{"method":"GET","path":"/api/servers","request_id":null}}
{"ts_ms":1777382653377,"level":"info","scope":"http","event":"request_finished","message":"http request finished","fields":{"method":"GET","path":"/api/servers","status":200,"request_id":"req-1777382653376420"}}
{"ts_ms":1777382653917,"level":"info","scope":"http","event":"request_started","message":"http request started","fields":{"method":"GET","path":"/api/users","request_id":null}}
{"ts_ms":1777382653917,"level":"info","scope":"http","event":"request_finished","message":"http request finished","fields":{"method":"GET","path":"/api/users","status":200,"request_id":"req-1777382653917157"}}
{"ts_ms":1777382655687,"level":"info","scope":"http","event":"request_started","message":"http request started","fields":{"method":"GET","path":"/api/servers","request_id":null}}
{"ts_ms":1777382655687,"level":"info","scope":"http","event":"request_finished","message":"http request finished","fields":{"method":"GET","path":"/api/servers","status":200,"request_id":"req-1777382655687105"}}
{"ts_ms":1777382664729,"level":"info","scope":"http","event":"request_started","message":"http request started","fields":{"method":"GET","path":"/api/users","request_id":null}}
{"ts_ms":1777382664729,"level":"info","scope":"http","event":"request_finished","message":"http request finished","fields":{"method":"GET","path":"/api/users","status":200,"request_id":"req-1777382664729205"}}
{"ts_ms":1777382665885,"level":"info","scope":"http","event":"request_started","message":"http request started","fields":{"method":"GET","path":"/api/servers","request_id":null}}
{"ts_ms":1777382665886,"level":"info","scope":"http","event":"request_finished","message":"http request finished","fields":{"method":"GET","path":"/api/servers","status":200,"request_id":"req-1777382665885312"}}
{"ts_ms":1777382667420,"level":"info","scope":"http","event":"request_started","message":"http request started","fields":{"method":"GET","path":"/admin/timeline","request_id":null}}
{"ts_ms":1777382667421,"level":"info","scope":"http","event":"request_finished","message":"http request finished","fields":{"method":"GET","path":"/admin/timeline","status":200,"request_id":"req-1777382667421057"}}
{"ts_ms":1777382667430,"level":"info","scope":"http","event":"request_started","message":"http request started","fields":{"method":"GET","path":"/api/servers","request_id":null}}
{"ts_ms":1777382667431,"level":"info","scope":"http","event":"request_finished","message":"http request finished","fields":{"method":"GET","path":"/api/servers","status":200,"request_id":"req-1777382667430804"}}
{"ts_ms":1777382667446,"level":"info","scope":"http","event":"request_started","message":"http request started","fields":{"method":"GET","path":"/api/events","request_id":null}}
{"ts_ms":1777382667448,"level":"info","scope":"http","event":"request_finished","message":"http request finished","fields":{"method":"GET","path":"/api/events","status":200,"request_id":"req-1777382667446776"}}
{"ts_ms":1777382672429,"level":"info","scope":"http","event":"request_started","message":"http request started","fields":{"method":"GET","path":"/admin/timeline","request_id":null}}
{"ts_ms":1777382672429,"level":"info","scope":"http","event":"request_finished","message":"http request finished","fields":{"method":"GET","path":"/admin/timeline","status":200,"request_id":"req-1777382672429775"}}
{"ts_ms":1777382677429,"level":"info","scope":"http","event":"request_started","message":"http request started","fields":{"method":"GET","path":"/admin/timeline","request_id":null}}
{"ts_ms":1777382677429,"level":"info","scope":"http","event":"request_finished","message":"http request finished","fields":{"method":"GET","path":"/admin/timeline","status":200,"request_id":"req-1777382677429681"}}
{"ts_ms":1777382682429,"level":"info","scope":"http","event":"request_started","message":"http request started","fields":{"method":"GET","path":"/admin/timeline","request_id":null}}
{"ts_ms":1777382682429,"level":"info","scope":"http","event":"request_finished","message":"http request finished","fields":{"method":"GET","path":"/admin/timeline","status":200,"request_id":"req-1777382682429667"}}
{"ts_ms":1777382687429,"level":"info","scope":"http","event":"request_started","message":"http request started","fields":{"method":"GET","path":"/admin/timeline","request_id":null}}
{"ts_ms":1777382687429,"level":"info","scope":"http","event":"request_finished","message":"http request finished","fields":{"method":"GET","path":"/admin/timeline","status":200,"request_id":"req-1777382687429550"}}
{"ts_ms":1777382692433,"level":"info","scope":"http","event":"request_started","message":"http request started","fields":{"method":"GET","path":"/admin/timeline","request_id":null}}
{"ts_ms":1777382692433,"level":"info","scope":"http","event":"request_finished","message":"http request finished","fields":{"method":"GET","path":"/admin/timeline","status":200,"request_id":"req-1777382692433640"}}
{"ts_ms":1777382697430,"level":"info","scope":"http","event":"request_started","message":"http request started","fields":{"method":"GET","path":"/admin/timeline","request_id":null}}
{"ts_ms":1777382697430,"level":"info","scope":"http","event":"request_finished","message":"http request finished","fields":{"method":"GET","path":"/admin/timeline","status":200,"request_id":"req-1777382697430280"}}
{"ts_ms":1777382702429,"level":"info","scope":"http","event":"request_started","message":"http request started","fields":{"method":"GET","path":"/admin/timeline","request_id":null}}
{"ts_ms":1777382702429,"level":"info","scope":"http","event":"request_finished","message":"http request finished","fields":{"method":"GET","path":"/admin/timeline","status":200,"request_id":"req-1777382702429554"}}
{"ts_ms":1777382707432,"level":"info","scope":"http","event":"request_started","message":"http request started","fields":{"method":"GET","path":"/admin/timeline","request_id":null}}
{"ts_ms":1777382707432,"level":"info","scope":"http","event":"request_finished","message":"http request finished","fields":{"method":"GET","path":"/admin/timeline","status":200,"request_id":"req-1777382707432602"}}
{"ts_ms":1777382710882,"level":"info","scope":"http","event":"request_started","message":"http request started","fields":{"method":"GET","path":"/admin/timeline","request_id":null}}
{"ts_ms":1777382710883,"level":"info","scope":"http","event":"request_finished","message":"http request finished","fields":{"method":"GET","path":"/admin/timeline","status":200,"request_id":"req-1777382710883146"}}
{"ts_ms":1777382710896,"level":"info","scope":"http","event":"request_started","message":"http request started","fields":{"method":"GET","path":"/api/servers","request_id":null}}
{"ts_ms":1777382710897,"level":"info","scope":"http","event":"request_finished","message":"http request finished","fields":{"method":"GET","path":"/api/servers","status":200,"request_id":"req-1777382710896838"}}
{"ts_ms":1777382710914,"level":"info","scope":"http","event":"request_started","message":"http request started","fields":{"method":"GET","path":"/api/events","request_id":null}}
{"ts_ms":1777382710916,"level":"info","scope":"http","event":"request_finished","message":"http request finished","fields":{"method":"GET","path":"/api/events","status":200,"request_id":"req-1777382710914761"}}
{"ts_ms":1777382715890,"level":"info","scope":"http","event":"request_started","message":"http request started","fields":{"method":"GET","path":"/admin/timeline","request_id":null}}
{"ts_ms":1777382715890,"level":"info","scope":"http","event":"request_finished","message":"http request finished","fields":{"method":"GET","path":"/admin/timeline","status":200,"request_id":"req-1777382715890288"}}
{"ts_ms":1777382720890,"level":"info","scope":"http","event":"request_started","message":"http request started","fields":{"method":"GET","path":"/admin/timeline","request_id":null}}
{"ts_ms":1777382720890,"level":"info","scope":"http","event":"request_finished","message":"http request finished","fields":{"method":"GET","path":"/admin/timeline","status":200,"request_id":"req-1777382720890424"}}
{"ts_ms":1777382725890,"level":"info","scope":"http","event":"request_started","message":"http request started","fields":{"method":"GET","path":"/admin/timeline","request_id":null}}
{"ts_ms":1777382725890,"level":"info","scope":"http","event":"request_finished","message":"http request finished","fields":{"method":"GET","path":"/admin/timeline","status":200,"request_id":"req-1777382725890099"}}
{"ts_ms":1777382728988,"level":"info","scope":"http","event":"request_started","message":"http request started","fields":{"method":"GET","path":"/api/gateways","request_id":null}}
{"ts_ms":1777382728989,"level":"info","scope":"http","event":"request_finished","message":"http request finished","fields":{"method":"GET","path":"/api/gateways","status":200,"request_id":"req-1777382728988523"}}
{"ts_ms":1777382732905,"level":"info","scope":"http","event":"request_started","message":"http request started","fields":{"method":"GET","path":"/api/gateways/1","request_id":null}}
{"ts_ms":1777382732906,"level":"info","scope":"http","event":"request_finished","message":"http request finished","fields":{"method":"GET","path":"/api/gateways/1","status":404,"request_id":"req-1777382732905830"}}
{"ts_ms":1777382736127,"level":"info","scope":"http","event":"request_started","message":"http request started","fields":{"method":"GET","path":"/api/gateways","request_id":null}}
{"ts_ms":1777382736128,"level":"info","scope":"http","event":"request_finished","message":"http request finished","fields":{"method":"GET","path":"/api/gateways","status":200,"request_id":"req-1777382736127628"}}
{"ts_ms":1777382760116,"level":"info","scope":"config","event":"loaded","message":"runtime configuration loaded","fields":{"udp_port":1680,"http_port":8080,"db_path":"/home/vnareiko/Homespace/bumblebee/output/lorawan-host/lorawan-server.db","frontend_path":"/home/vnareiko/Homespace/bumblebee/br2-external/package/lorawan-server-ui/dist","log_dir":"/home/vnareiko/Homespace/bumblebee/br2-external/package/lorawan-server/src/data/logs/lorawan-server","bind_address":"0.0.0.0","log_level":"info","log_cleanup_period_ms":2592000000,"metrics_cleanup_period_ms":2592000000,"admin_auth":"disabled"}}
{"ts_ms":1777382760117,"level":"info","scope":"udp","event":"listener_started","message":"udp listener started","fields":{"bind_address":"0.0.0.0","port":1680}}
{"ts_ms":1777382760117,"level":"info","scope":"http","event":"listener_started","message":"http listener started","fields":{"bind_address":"0.0.0.0","port":8080}}
{"ts_ms":1777382762263,"level":"info","scope":"http","event":"request_started","message":"http request started","fields":{"method":"GET","path":"/admin/assets/admin.min.css","request_id":null}}
{"ts_ms":1777382762267,"level":"info","scope":"http","event":"request_finished","message":"http request finished","fields":{"method":"GET","path":"/admin/assets/admin.min.css","status":200,"request_id":"req-1777382762263356"}}
{"ts_ms":1777382762268,"level":"info","scope":"http","event":"request_started","message":"http request started","fields":{"method":"GET","path":"/admin/assets/vis.min.css","request_id":null}}
{"ts_ms":1777382762269,"level":"info","scope":"http","event":"request_finished","message":"http request finished","fields":{"method":"GET","path":"/admin/assets/vis.min.css","status":200,"request_id":"req-1777382762268874"}}
{"ts_ms":1777382762388,"level":"info","scope":"http","event":"request_started","message":"http request started","fields":{"method":"GET","path":"/api/gateways","request_id":null}}
{"ts_ms":1777382762389,"level":"info","scope":"http","event":"request_finished","message":"http request finished","fields":{"method":"GET","path":"/api/gateways","status":200,"request_id":"req-1777382762388835"}}
{"ts_ms":1777382764518,"level":"info","scope":"http","event":"request_started","message":"http request started","fields":{"method":"GET","path":"/admin/vis.min.js","request_id":null}}
{"ts_ms":1777382764521,"level":"info","scope":"http","event":"request_finished","message":"http request finished","fields":{"method":"GET","path":"/admin/vis.min.js","status":200,"request_id":"req-1777382764519119"}}
{"ts_ms":1777382764565,"level":"info","scope":"http","event":"request_started","message":"http request started","fields":{"method":"GET","path":"/admin/timeline","request_id":null}}
{"ts_ms":1777382764581,"level":"info","scope":"http","event":"request_finished","message":"http request finished","fields":{"method":"GET","path":"/admin/timeline","status":200,"request_id":"req-1777382764565213"}}
{"ts_ms":1777382764588,"level":"info","scope":"http","event":"request_started","message":"http request started","fields":{"method":"GET","path":"/api/servers","request_id":null}}
{"ts_ms":1777382764588,"level":"info","scope":"http","event":"request_finished","message":"http request finished","fields":{"method":"GET","path":"/api/servers","status":200,"request_id":"req-1777382764588411"}}
{"ts_ms":1777382764596,"level":"info","scope":"http","event":"request_started","message":"http request started","fields":{"method":"GET","path":"/api/events","request_id":null}}
{"ts_ms":1777382764597,"level":"info","scope":"http","event":"request_finished","message":"http request finished","fields":{"method":"GET","path":"/api/events","status":200,"request_id":"req-1777382764596366"}}
{"ts_ms":1777382769588,"level":"info","scope":"http","event":"request_started","message":"http request started","fields":{"method":"GET","path":"/admin/timeline","request_id":null}}
{"ts_ms":1777382769601,"level":"info","scope":"http","event":"request_finished","message":"http request finished","fields":{"method":"GET","path":"/admin/timeline","status":200,"request_id":"req-1777382769588757"}}
{"ts_ms":1777382773776,"level":"info","scope":"http","event":"request_started","message":"http request started","fields":{"method":"GET","path":"/api/servers","request_id":null}}
{"ts_ms":1777382773777,"level":"info","scope":"http","event":"request_finished","message":"http request finished","fields":{"method":"GET","path":"/api/servers","status":200,"request_id":"req-1777382773776343"}}
{"ts_ms":1777382777597,"level":"info","scope":"http","event":"request_started","message":"http request started","fields":{"method":"GET","path":"/api/config/main","request_id":null}}
{"ts_ms":1777382777597,"level":"info","scope":"http","event":"request_finished","message":"http request finished","fields":{"method":"GET","path":"/api/config/main","status":404,"request_id":"req-1777382777597112"}}
{"ts_ms":1777382783995,"level":"info","scope":"http","event":"request_started","message":"http request started","fields":{"method":"GET","path":"/api/events","request_id":null}}
{"ts_ms":1777382784002,"level":"info","scope":"http","event":"request_finished","message":"http request finished","fields":{"method":"GET","path":"/api/events","status":200,"request_id":"req-1777382783995523"}}
{"ts_ms":1777382789681,"level":"info","scope":"http","event":"request_started","message":"http request started","fields":{"method":"GET","path":"/api/areas","request_id":null}}
{"ts_ms":1777382789681,"level":"info","scope":"http","event":"request_finished","message":"http request finished","fields":{"method":"GET","path":"/api/areas","status":404,"request_id":"req-1777382789681607"}}
{"ts_ms":1777382790194,"level":"info","scope":"http","event":"request_started","message":"http request started","fields":{"method":"GET","path":"/api/gateways","request_id":null}}
{"ts_ms":1777382790195,"level":"info","scope":"http","event":"request_finished","message":"http request finished","fields":{"method":"GET","path":"/api/gateways","status":200,"request_id":"req-1777382790195113"}}
